aic94xx-firmware
alsa-utils
amd-ucode
arch-gaming-meta
ast-firmware
base
base-devel
btop
cava
chezmoi
cpio
efibootmgr
eza
fastfetch
figlet
firefox
fish
gnome-tweaks
googledot-cursor-theme
gparted
grub-btrfs
gum
hyprland
kitty
lazygit
libva-nvidia-driver
linux-firmware
linux-firmware-qlogic
linux-zen
linux-zen-headers
most
neovim
npm
ntfs-3g
nushell
paru
paru-debug
pipewire-alsa
pipewire-pulse
polkit-kde-agent
protonup-qt-bin
pwvucontrol
python-pip
rofi
rustup
sddm
starship
swaync
swww
thefuck
timeshift
tmux
ttf-jetbrains-mono-nerd
ttf-victor-mono-nerd
upd72020x-fw
vesktop-bin
waybar-cava
wd719x-firmware
wev
wezterm
wget
xorg-xhost
yazi
zen-browser-bin
zoxide
zram-generator
